[0.012s] Invoking command in '/home/antorresca/Desktop/CursoDirigido/SDV_ROS2/build/sdv_serial': CMAKE_PREFIX_PATH=${CMAKE_PREFIX_PATH}:/opt/ros/jazzy DEBUGINFOD_URLS=https://debuginfod.ubuntu.com /usr/bin/cmake --build /home/antorresca/Desktop/CursoDirigido/SDV_ROS2/build/sdv_serial -- -j12 -l12
[0.045s] -- Found ament_cmake: 2.5.4 (/opt/ros/jazzy/share/ament_cmake/cmake)
[0.280s] -- Override CMake install command with custom implementation using symlinks instead of copying resources
[0.287s] -- Found rclcpp: 28.1.11 (/opt/ros/jazzy/share/rclcpp/cmake)
[0.318s] -- Found rosidl_generator_c: 4.6.6 (/opt/ros/jazzy/share/rosidl_generator_c/cmake)
[0.328s] -- Found rosidl_generator_cpp: 4.6.6 (/opt/ros/jazzy/share/rosidl_generator_cpp/cmake)
[0.341s] -- Using all available rosidl_typesupport_c: rosidl_typesupport_fastrtps_c;rosidl_typesupport_introspection_c
[0.355s] -- Using all available rosidl_typesupport_cpp: rosidl_typesupport_fastrtps_cpp;rosidl_typesupport_introspection_cpp
[0.421s] -- Found rmw_implementation_cmake: 7.3.2 (/opt/ros/jazzy/share/rmw_implementation_cmake/cmake)
[0.422s] -- Found rmw_fastrtps_cpp: 8.4.3 (/opt/ros/jazzy/share/rmw_fastrtps_cpp/cmake)
[0.497s] -- Using RMW implementation 'rmw_fastrtps_cpp' as default
[0.567s] -- Found std_msgs: 5.3.6 (/opt/ros/jazzy/share/std_msgs/cmake)
[0.582s] -- Found sensor_msgs: 5.3.6 (/opt/ros/jazzy/share/sensor_msgs/cmake)
[0.627s] -- Found PkgConfig: /usr/bin/pkg-config (found version "1.8.1") 
[0.628s] -- Checking for module 'libserial'
[0.651s] --   Found libserial, version 1.0.0
[0.819s] -- Configuring done (0.8s)
[0.834s] -- Generating done (0.0s)
[0.838s] -- Build files have been written to: /home/antorresca/Desktop/CursoDirigido/SDV_ROS2/build/sdv_serial
[0.887s] [ 50%] [32mBuilding CXX object CMakeFiles/sdv_serial_node.dir/src/sdv_serial_node.cpp.o[0m
[3.242s] [01m[K/home/antorresca/Desktop/CursoDirigido/SDV_ROS2/src/sdv_serial/src/sdv_serial_node.cpp:[m[K In constructor â€˜[01m[KSdvSerialNode::[01;32m[KSdvSerialNode[m[K()[m[Kâ€™:
[3.242s] [01m[K/home/antorresca/Desktop/CursoDirigido/SDV_ROS2/src/sdv_serial/src/sdv_serial_node.cpp:51:20:[m[K [01;31m[Kerror: [m[Kâ€˜[01m[Kclass LibSerial::SerialPort[m[Kâ€™ has no member named â€˜[01m[KSetCharSize[m[Kâ€™; did you mean â€˜[01m[KSetCharacterSize[m[Kâ€™?
[3.243s]    51 |       serial_port_.[01;31m[KSetCharSize[m[K(CharacterSize::CHAR_SIZE_8);
[3.243s]       |                    [01;31m[K^~~~~~~~~~~[m[K
[3.243s]       |                    [32m[KSetCharacterSize[m[K
[3.261s] [01m[K/home/antorresca/Desktop/CursoDirigido/SDV_ROS2/src/sdv_serial/src/sdv_serial_node.cpp:[m[K In member function â€˜[01m[Kvoid SdvSerialNode::[01;32m[KreadSerialTimer[m[K()[m[Kâ€™:
[3.261s] [01m[K/home/antorresca/Desktop/CursoDirigido/SDV_ROS2/src/sdv_serial/src/sdv_serial_node.cpp:105:48:[m[K [01;31m[Kerror: [m[Kcannot convert â€˜[01m[Kint[m[Kâ€™ to â€˜[01m[Kstd::string&[m[Kâ€™ {aka â€˜[01m[Kstd::__cxx11::basic_string<char>&[m[Kâ€™}
[3.261s]   105 |       std::string line = serial_port_.ReadLine([01;31m[K1[m[K, '\n'); // timeout 1ms; ajusta
[3.261s]       |                                                [01;31m[K^[m[K
[3.261s]       |                                                [01;31m[K|[m[K
[3.261s]       |                                                [01;31m[Kint[m[K
[3.261s] In file included from [01m[K/home/antorresca/Desktop/CursoDirigido/SDV_ROS2/src/sdv_serial/src/sdv_serial_node.cpp:12[m[K:
[3.261s] [01m[K/usr/include/libserial/SerialPort.h:382:36:[m[K [01;36m[Knote: [m[K  initializing argument 1 of â€˜[01m[Kvoid LibSerial::SerialPort::[01;32m[KReadLine[m[K(std::string&, char, size_t)[m[Kâ€™
[3.262s]   382 |         void ReadLine([01;36m[Kstd::string& dataString[m[K,
[3.262s]       |                       [01;36m[K~~~~~~~~~~~~~^~~~~~~~~~[m[K
[5.504s] gmake[2]: *** [CMakeFiles/sdv_serial_node.dir/build.make:76: CMakeFiles/sdv_serial_node.dir/src/sdv_serial_node.cpp.o] Error 1
[5.504s] gmake[1]: *** [CMakeFiles/Makefile2:137: CMakeFiles/sdv_serial_node.dir/all] Error 2
[5.504s] gmake: *** [Makefile:146: all] Error 2
[5.509s] Invoked command in '/home/antorresca/Desktop/CursoDirigido/SDV_ROS2/build/sdv_serial' returned '2': CMAKE_PREFIX_PATH=${CMAKE_PREFIX_PATH}:/opt/ros/jazzy DEBUGINFOD_URLS=https://debuginfod.ubuntu.com /usr/bin/cmake --build /home/antorresca/Desktop/CursoDirigido/SDV_ROS2/build/sdv_serial -- -j12 -l12
